2025-08-31 23:54:16,955 - INFO - Data stored in: reddit_data.db
2025-08-31 23:59:36,478 - INFO - Database tables created successfully
2025-08-31 23:59:36,478 - INFO - 
==================================================
2025-08-31 23:59:36,479 - INFO - Processing r/python
2025-08-31 23:59:36,479 - INFO - ==================================================
2025-08-31 23:59:36,479 - INFO - Starting ETL pipeline for r/python
2025-08-31 23:59:36,479 - INFO - Extracting 50 hot posts from r/python
2025-08-31 23:59:44,358 - INFO - Successfully extracted 50 posts
2025-08-31 23:59:44,359 - INFO - Transforming data...
2025-08-31 23:59:44,374 - INFO - Data transformation completed for 50 posts
2025-08-31 23:59:44,374 - INFO - Loading posts data into database...
2025-08-31 23:59:44,394 - INFO - Successfully loaded 50 posts to database
2025-08-31 23:59:44,395 - INFO - Extracting comments for top 10 posts...
2025-08-31 23:59:47,943 - INFO - Loading 20 comments into database...
2025-08-31 23:59:47,967 - INFO - Successfully loaded 20 comments
2025-08-31 23:59:50,880 - INFO - Loading 20 comments into database...
2025-08-31 23:59:50,894 - INFO - Successfully loaded 20 comments
2025-08-31 23:59:52,974 - INFO - Loading 20 comments into database...
2025-08-31 23:59:52,992 - INFO - Successfully loaded 20 comments
2025-08-31 23:59:54,389 - INFO - Loading 9 comments into database...
2025-08-31 23:59:54,403 - INFO - Successfully loaded 9 comments
2025-08-31 23:59:55,904 - INFO - Loading 20 comments into database...
2025-08-31 23:59:55,925 - INFO - Successfully loaded 20 comments
2025-08-31 23:59:57,421 - INFO - Loading 20 comments into database...
2025-08-31 23:59:57,437 - INFO - Successfully loaded 20 comments
2025-08-31 23:59:59,252 - INFO - Loading 20 comments into database...
2025-08-31 23:59:59,268 - INFO - Successfully loaded 20 comments
2025-09-01 00:00:00,667 - INFO - Loading 11 comments into database...
2025-09-01 00:00:00,678 - INFO - Successfully loaded 11 comments
2025-09-01 00:00:02,116 - INFO - Loading 18 comments into database...
2025-09-01 00:00:02,134 - INFO - Successfully loaded 18 comments
2025-09-01 00:00:03,574 - INFO - Loading 19 comments into database...
2025-09-01 00:00:03,594 - INFO - Successfully loaded 19 comments
2025-09-01 00:00:04,599 - INFO - Generated statistics for r/python
2025-09-01 00:00:04,600 - INFO - ETL pipeline completed successfully
2025-09-01 00:00:06,601 - INFO - 
==================================================
2025-09-01 00:00:06,602 - INFO - Processing r/datascience
2025-09-01 00:00:06,602 - INFO - ==================================================
2025-09-01 00:00:06,602 - INFO - Starting ETL pipeline for r/datascience
2025-09-01 00:00:06,603 - INFO - Extracting 50 hot posts from r/datascience
2025-09-01 00:00:13,605 - INFO - Successfully extracted 50 posts
2025-09-01 00:00:13,606 - INFO - Transforming data...
2025-09-01 00:00:13,615 - INFO - Data transformation completed for 50 posts
2025-09-01 00:00:13,616 - INFO - Loading posts data into database...
2025-09-01 00:00:13,634 - INFO - Successfully loaded 50 posts to database
2025-09-01 00:00:13,635 - INFO - Extracting comments for top 10 posts...
2025-09-01 00:00:15,193 - INFO - Loading 20 comments into database...
2025-09-01 00:00:15,219 - INFO - Successfully loaded 20 comments
2025-09-01 00:00:16,700 - INFO - Loading 20 comments into database...
2025-09-01 00:00:16,717 - INFO - Successfully loaded 20 comments
2025-09-01 00:00:18,256 - INFO - Loading 20 comments into database...
2025-09-01 00:00:18,270 - INFO - Successfully loaded 20 comments
2025-09-01 00:00:19,747 - INFO - Loading 18 comments into database...
2025-09-01 00:00:19,758 - INFO - Successfully loaded 18 comments
2025-09-01 00:00:21,709 - INFO - Loading 20 comments into database...
2025-09-01 00:00:21,724 - INFO - Successfully loaded 20 comments
2025-09-01 00:00:23,863 - INFO - Loading 20 comments into database...
2025-09-01 00:00:23,879 - INFO - Successfully loaded 20 comments
2025-09-01 00:00:25,312 - INFO - Loading 20 comments into database...
2025-09-01 00:00:25,327 - INFO - Successfully loaded 20 comments
2025-09-01 00:00:27,128 - INFO - Loading 20 comments into database...
2025-09-01 00:00:27,145 - INFO - Successfully loaded 20 comments
2025-09-01 00:00:28,638 - INFO - Loading 20 comments into database...
2025-09-01 00:00:28,655 - INFO - Successfully loaded 20 comments
2025-09-01 00:00:30,470 - INFO - Loading 20 comments into database...
2025-09-01 00:00:30,487 - INFO - Successfully loaded 20 comments
2025-09-01 00:00:31,504 - INFO - Generated statistics for r/datascience
2025-09-01 00:00:31,504 - INFO - ETL pipeline completed successfully
2025-09-01 00:00:33,514 - INFO - 
==================================================
2025-09-01 00:00:33,515 - INFO - Processing r/MachineLearning
2025-09-01 00:00:33,516 - INFO - ==================================================
2025-09-01 00:00:33,516 - INFO - Starting ETL pipeline for r/MachineLearning
2025-09-01 00:00:33,517 - INFO - Extracting 50 hot posts from r/MachineLearning
2025-09-01 00:00:40,493 - INFO - Successfully extracted 50 posts
2025-09-01 00:00:40,494 - INFO - Transforming data...
2025-09-01 00:00:40,503 - INFO - Data transformation completed for 50 posts
2025-09-01 00:00:40,504 - INFO - Loading posts data into database...
2025-09-01 00:00:40,523 - INFO - Successfully loaded 50 posts to database
2025-09-01 00:00:40,526 - INFO - Extracting comments for top 10 posts...
2025-09-01 00:00:41,428 - INFO - Loading 20 comments into database...
2025-09-01 00:00:41,444 - INFO - Successfully loaded 20 comments
2025-09-01 00:00:43,452 - INFO - Loading 20 comments into database...
2025-09-01 00:00:43,469 - INFO - Successfully loaded 20 comments
2025-09-01 00:00:45,260 - INFO - Loading 20 comments into database...
2025-09-01 00:00:45,277 - INFO - Successfully loaded 20 comments
2025-09-01 00:00:46,657 - INFO - Loading 3 comments into database...
2025-09-01 00:00:46,672 - INFO - Successfully loaded 3 comments
2025-09-01 00:00:48,122 - INFO - Loading 12 comments into database...
2025-09-01 00:00:48,137 - INFO - Successfully loaded 12 comments
2025-09-01 00:00:49,571 - INFO - Loading 20 comments into database...
2025-09-01 00:00:49,583 - INFO - Successfully loaded 20 comments
2025-09-01 00:00:51,068 - INFO - Loading 16 comments into database...
2025-09-01 00:00:51,088 - INFO - Successfully loaded 16 comments
2025-09-01 00:00:52,650 - INFO - Loading 20 comments into database...
2025-09-01 00:00:52,665 - INFO - Successfully loaded 20 comments
2025-09-01 00:00:54,078 - INFO - Loading 16 comments into database...
2025-09-01 00:00:54,096 - INFO - Successfully loaded 16 comments
2025-09-01 00:00:55,512 - INFO - Loading 9 comments into database...
2025-09-01 00:00:55,532 - INFO - Successfully loaded 9 comments
2025-09-01 00:00:56,545 - INFO - Generated statistics for r/MachineLearning
2025-09-01 00:00:56,553 - INFO - ETL pipeline completed successfully
2025-09-01 00:00:58,555 - INFO - 
ETL pipeline execution completed!
2025-09-01 00:00:58,556 - INFO - Data stored in: reddit_data.db
2025-09-01 00:27:24,496 - INFO - Database tables created successfully
2025-09-01 00:27:24,497 - INFO - 
==================================================
2025-09-01 00:27:24,497 - INFO - Processing r/python
2025-09-01 00:27:24,497 - INFO - ==================================================
2025-09-01 00:27:24,497 - INFO - Starting ETL pipeline for r/python
2025-09-01 00:27:24,497 - INFO - Extracting 50 hot posts from r/python
